2016-04-26 13:07:34: Start to conduct /processing_data/zhouyzh/binning/DB/bin/SeedBin_differentalCov_v28.pl......
2016-04-26 13:07:35: Mean SD ratio of Sample1	0.14	0.18
2016-04-26 13:07:37: The number of all scaffolds with length >=10kb: 616
2016-04-26 13:07:37: The number of all scaffolds with length <10kb: 3283
2016-04-26 13:07:37: The number of SCG scaffolds with length >=10kb: 157
2016-04-26 13:07:37: The number of SCG scaffolds with length <10kb: 112
2016-04-26 13:07:37: The number of Non-SCG scaffolds with length >=10kb: 459
2016-04-26 13:07:37: The number of Non-SCG scaffolds with length <10kb: 3171
2016-04-26 13:07:37: Start to obtain seeds of large scaffolds
2016-04-26 13:08:38: Number of seeds from large scaffolds: 26
2016-04-26 13:08:38: Produce /processing_data/zhouyzh/binning/DB/F1RT/initionSeed/SeedBin_diffCov_v28/largeScaffoldSeed_CovInterval.xls
2016-04-26 13:08:39: Number of seeds from large scaffolds with only composition: 39
2016-04-26 13:10:21: Number of seeds from all scaffolds with only composition: 49
2016-04-26 13:11:32: The number of all seeds is 38
2016-04-26 13:11:32: Produce /processing_data/zhouyzh/binning/DB/F1RT/initionSeed/SeedBin_diffCov_v28/allscaffoldSeed_CovInterval.xls
2016-04-26 13:11:32: Start to classify large scaffolds
2016-04-26 13:12:01: Produce /processing_data/zhouyzh/binning/DB/F1RT/initionSeed/SeedBin_diffCov_v28/allscaffold_RawClassified.xls
2016-04-26 13:12:01: Produce /processing_data/zhouyzh/binning/DB/F1RT/initionSeed/SeedBin_diffCov_v28/SCGscaffold_RawClassified.xls
2016-04-26 13:12:01: Start to split seeds
2016-04-26 13:12:01: The number of seeds after splitting seeds: 38
2016-04-26 13:12:01: Produce /processing_data/zhouyzh/binning/DB/F1RT/initionSeed/SeedBin_diffCov_v28/allscaffoldSeed_ClassifiedLength_AfterSplit.xls
2016-04-26 13:12:01: Produce /processing_data/zhouyzh/binning/DB/F1RT/initionSeed/SeedBin_diffCov_v28/SCGscaffold_AfterSplit.xls
2016-04-26 13:12:01: The number of seeds after filtering small bins: 22
2016-04-26 13:14:41: The number of seeds after merging seeds at the first time: 10
2016-04-26 13:14:41: Produce /processing_data/zhouyzh/binning/DB/F1RT/initionSeed/SeedBin_diffCov_v28/SCGscaffold_AfterMerge_FirstTime.xls
2016-04-26 13:15:27: The number of seeds after merging seeds at the second time: 8
2016-04-26 13:15:27: Produce /processing_data/zhouyzh/binning/DB/F1RT/initionSeed/SeedBin_diffCov_v28/SCGscaffold_AfterMerge_SecondTime.xls
2016-04-26 13:15:27: Produce /processing_data/zhouyzh/binning/DB/F1RT/initionSeed/SeedBin_diffCov_v28/allscaffoldSeed_ClassifiedLength_Final.xls
2016-04-26 13:15:27: The number of seeds after filtering small bins is 8
2016-04-26 13:15:53: Produce /processing_data/zhouyzh/binning/DB/F1RT/initionSeed/SeedBin_diffCov_v28/SCGscaffold_FinalClassified.xls
2016-04-26 13:15:53: Produce /processing_data/zhouyzh/binning/DB/F1RT/initionSeed/SeedBin_diffCov_v28/FinalSeed_CovInterval.xls
2016-04-26 13:16:21: Produce /processing_data/zhouyzh/binning/DB/F1RT/initionSeed/SeedBin_diffCov_v28/classified_allscaffold.xls
