2016-04-26 18:30:37: Start to conduct /processing_data/zhouyzh/binning/DB/bin/SeedBin_differentalCov_v28.pl......
2016-04-26 18:31:04: Mean SD ratio of Sample1	0.06	0.07
2016-04-26 18:31:07: The number of all scaffolds with length >=10kb: 724
2016-04-26 18:31:07: The number of all scaffolds with length <10kb: 87030
2016-04-26 18:31:07: The number of SCG scaffolds with length >=10kb: 185
2016-04-26 18:31:07: The number of SCG scaffolds with length <10kb: 3552
2016-04-26 18:31:07: The number of Non-SCG scaffolds with length >=10kb: 539
2016-04-26 18:31:07: The number of Non-SCG scaffolds with length <10kb: 83478
2016-04-26 18:31:07: Start to obtain seeds of large scaffolds
2016-04-26 18:33:58: Number of seeds from large scaffolds: 42
2016-04-26 18:33:58: Produce /processing_data/zhouyzh/binning/DB/MaxBin/simLC/SCG/SeedBin_diffCov_v28/largeScaffoldSeed_CovInterval.xls
2016-04-26 18:33:59: Number of seeds from large scaffolds with only composition: 64
2016-04-26 20:00:30: Number of seeds from all scaffolds with only composition: 603
2016-04-27 05:31:50: The number of all seeds is 552
2016-04-27 05:31:53: Produce /processing_data/zhouyzh/binning/DB/MaxBin/simLC/SCG/SeedBin_diffCov_v28/allscaffoldSeed_CovInterval.xls
2016-04-27 05:31:53: Start to classify large scaffolds
2016-04-27 05:32:08: Start to classify small scaffolds
2016-04-27 18:40:11: Produce /processing_data/zhouyzh/binning/DB/MaxBin/simLC/SCG/SeedBin_diffCov_v28/allscaffold_RawClassified.xls
2016-04-27 18:40:12: Produce /processing_data/zhouyzh/binning/DB/MaxBin/simLC/SCG/SeedBin_diffCov_v28/SCGscaffold_RawClassified.xls
2016-04-27 18:40:12: Start to split seeds
2016-04-27 19:00:51: The number of seeds after splitting seeds: 570
2016-04-27 19:00:53: Produce /processing_data/zhouyzh/binning/DB/MaxBin/simLC/SCG/SeedBin_diffCov_v28/allscaffoldSeed_ClassifiedLength_AfterSplit.xls
2016-04-27 19:00:53: Produce /processing_data/zhouyzh/binning/DB/MaxBin/simLC/SCG/SeedBin_diffCov_v28/SCGscaffold_AfterSplit.xls
2016-04-27 19:00:53: The number of seeds after filtering small bins: 316
2016-04-27 19:20:54: The number of seeds after merging seeds at the first time: 173
2016-04-27 19:20:55: Produce /processing_data/zhouyzh/binning/DB/MaxBin/simLC/SCG/SeedBin_diffCov_v28/SCGscaffold_AfterMerge_FirstTime.xls
2016-04-27 19:24:58: The number of seeds after merging seeds at the second time: 80
2016-04-27 19:24:59: Produce /processing_data/zhouyzh/binning/DB/MaxBin/simLC/SCG/SeedBin_diffCov_v28/SCGscaffold_AfterMerge_SecondTime.xls
2016-04-27 19:24:59: Produce /processing_data/zhouyzh/binning/DB/MaxBin/simLC/SCG/SeedBin_diffCov_v28/allscaffoldSeed_ClassifiedLength_Final.xls
2016-04-27 19:24:59: The number of seeds after filtering small bins is 80
2016-04-27 19:29:59: Produce /processing_data/zhouyzh/binning/DB/MaxBin/simLC/SCG/SeedBin_diffCov_v28/SCGscaffold_FinalClassified.xls
2016-04-27 19:30:02: Produce /processing_data/zhouyzh/binning/DB/MaxBin/simLC/SCG/SeedBin_diffCov_v28/FinalSeed_CovInterval.xls
2016-04-27 20:18:16: Produce /processing_data/zhouyzh/binning/DB/MaxBin/simLC/SCG/SeedBin_diffCov_v28/classified_allscaffold.xls
